mc-resources-delivery/build/outputs/logs/manifest-merger-debug-report.txt
-- Merging decision tree log ---
manifest
ADDED from ac/mc-resources-delivery/AndroidManifest.xml:2:1-399:12
	package
		ADDED from ac/mc-resources-delivery/AndroidManifest.xml:3:5-39
		INJECTED from ac/mc-resources-delivery/AndroidManifest.xml
		INJECTED from ac/mc-resources-delivery/AndroidManifest.xml
	android:versionName
		ADDED from ac/mc-resources-delivery/AndroidManifest.xml:5:5-34
		INJECTED from ac/mc-resources-delivery/AndroidManifest.xml
		INJECTED from ac/mc-resources-delivery/AndroidManifest.xml
	android:versionCode
		ADDED from ac/mc-resources-delivery/AndroidManifest.xml:4:5-29
		INJECTED from ac/mc-resources-delivery/AndroidManifest.xml
		INJECTED from ac/mc-resources-delivery/AndroidManifest.xml
	xmlns:android
		ADDED from ac/mc-resources-delivery/AndroidManifest.xml:2:11-69
supports-screens
ADDED from ac/mc-resources-delivery/AndroidManifest.xml:7:5-12:39
	android:largeScreens
		ADDED from ac/mc-resources-delivery/AndroidManifest.xml:9:9-36
	android:smallScreens
		ADDED from ac/mc-resources-delivery/AndroidManifest.xml:12:9-36
	android:normalScreens
		ADDED from ac/mc-resources-delivery/AndroidManifest.xml:10:9-37
	android:resizeable
		ADDED from ac/mc-resources-delivery/AndroidManifest.xml:11:9-34
	android:anyDensity
		ADDED from ac/mc-resources-delivery/AndroidManifest.xml:8:9-34
uses-sdk
ADDED from ac/mc-resources-delivery/AndroidManifest.xml:14:5-16:41
MERGED from [ac:number-picker:unspecified] AndroidManifest.xml:7:5-9:41
MERGED from [ac:photo:unspecified] AndroidManifest.xml:7:5-9:41
MERGED from [ac:design:unspecified] AndroidManifest.xml:20:5-44
MERGED from [ac:recyclerview:unspecified] AndroidManifest.xml:20:5-43
MERGED from [ac:cardview:unspecified] AndroidManifest.xml:20:5-43
MERGED from [ac:android-support-v7-appcompat:unspecified] AndroidManifest.xml:21:5-23:78
MERGED from [ac:Swipyrefreshlayout:unspecified] AndroidManifest.xml:5:5-43
	tools:overrideLibrary
		ADDED from [ac:android-support-v7-appcompat:unspecified] AndroidManifest.xml:23:9-75
	android:targetSdkVersion
		ADDED from ac/mc-resources-delivery/AndroidManifest.xml:16:9-38
		INJECTED from ac/mc-resources-delivery/AndroidManifest.xml
		INJECTED from ac/mc-resources-delivery/AndroidManifest.xml
	android:minSdkVersion
		ADDED from ac/mc-resources-delivery/AndroidManifest.xml:15:9-35
		INJECTED from ac/mc-resources-delivery/AndroidManifest.xml
		INJECTED from ac/mc-resources-delivery/AndroidManifest.xml
uses-permission#android.permission.INTERNET
ADDED from ac/mc-resources-delivery/AndroidManifest.xml:18:5-67
	android:name
		ADDED from ac/mc-resources-delivery/AndroidManifest.xml:18:22-64
uses-permission#android.permission.MOUNT_UNMOUNT_FILESYSTEMS
ADDED from ac/mc-resources-delivery/AndroidManifest.xml:19:5-84
	android:name
		ADDED from ac/mc-resources-delivery/AndroidManifest.xml:19:22-81
uses-permission#android.permission.CLEAR_APP_CACHE
ADDED from ac/mc-resources-delivery/AndroidManifest.xml:20:5-74
	android:name
		ADDED from ac/mc-resources-delivery/AndroidManifest.xml:20:22-71
uses-permission#android.permission.BLUETOOTH_ADMIN
ADDED from ac/mc-resources-delivery/AndroidManifest.xml:21:5-74
	android:name
		ADDED from ac/mc-resources-delivery/AndroidManifest.xml:21:22-71
uses-permission#android.permission.BLUETOOTH
ADDED from ac/mc-resources-delivery/AndroidManifest.xml:22:5-68
	android:name
		ADDED from ac/mc-resources-delivery/AndroidManifest.xml:22:22-65
uses-permission#android.permission.ACCESS_FINE_LOCATION
ADDED from ac/mc-resources-delivery/AndroidManifest.xml:23:5-79
	android:name
		ADDED from ac/mc-resources-delivery/AndroidManifest.xml:23:22-76
uses-permission#android.permission.GET_ACCOUNTS
ADDED from ac/mc-resources-delivery/AndroidManifest.xml:24:5-71
	android:name
		ADDED from ac/mc-resources-delivery/AndroidManifest.xml:24:22-68
uses-permission#android.permission.USE_CREDENTIALS
ADDED from ac/mc-resources-delivery/AndroidManifest.xml:25:5-74
	android:name
		ADDED from ac/mc-resources-delivery/AndroidManifest.xml:25:22-71
uses-permission#android.permission.MANAGE_ACCOUNTS
ADDED from ac/mc-resources-delivery/AndroidManifest.xml:26:5-74
	android:name
		ADDED from ac/mc-resources-delivery/AndroidManifest.xml:26:22-71
uses-permission#android.permission.AUTHENTICATE_ACCOUNTS
ADDED from ac/mc-resources-delivery/AndroidManifest.xml:27:5-80
	android:name
		ADDED from ac/mc-resources-delivery/AndroidManifest.xml:27:22-77
uses-permission#android.permission.ACCESS_NETWORK_STATE
ADDED from ac/mc-resources-delivery/AndroidManifest.xml:28:5-79
	android:name
		ADDED from ac/mc-resources-delivery/AndroidManifest.xml:28:22-76
uses-permission#com.android.launcher.permission.READ_SETTINGS
ADDED from ac/mc-resources-delivery/AndroidManifest.xml:30:5-85
	android:name
		ADDED from ac/mc-resources-delivery/AndroidManifest.xml:30:22-82
uses-permission#android.permission.CHANGE_WIFI_STATE
ADDED from ac/mc-resources-delivery/AndroidManifest.xml:31:5-76
	android:name
		ADDED from ac/mc-resources-delivery/AndroidManifest.xml:31:22-73
uses-permission#android.permission.ACCESS_WIFI_STATE
ADDED from ac/mc-resources-delivery/AndroidManifest.xml:32:5-76
	android:name
		ADDED from ac/mc-resources-delivery/AndroidManifest.xml:32:22-73
uses-permission#android.permission.READ_PHONE_STATE
ADDED from ac/mc-resources-delivery/AndroidManifest.xml:33:5-75
	android:name
		ADDED from ac/mc-resources-delivery/AndroidManifest.xml:33:22-72
uses-permission#android.permission.WRITE_EXTERNAL_STORAGE
ADDED from ac/mc-resources-delivery/AndroidManifest.xml:34:5-81
MERGED from [ac:photo:unspecified] AndroidManifest.xml:12:5-81
	android:name
		ADDED from ac/mc-resources-delivery/AndroidManifest.xml:34:22-78
uses-permission#android.permission.BROADCAST_STICKY
ADDED from ac/mc-resources-delivery/AndroidManifest.xml:35:5-75
	android:name
		ADDED from ac/mc-resources-delivery/AndroidManifest.xml:35:22-72
uses-permission#android.permission.WRITE_SETTINGS
ADDED from ac/mc-resources-delivery/AndroidManifest.xml:36:5-73
	android:name
		ADDED from ac/mc-resources-delivery/AndroidManifest.xml:36:22-70
uses-permission#android.permission.SYSTEM_ALERT_WINDOW
ADDED from ac/mc-resources-delivery/AndroidManifest.xml:37:5-78
	android:name
		ADDED from ac/mc-resources-delivery/AndroidManifest.xml:37:22-75
uses-feature#android.hardware.camera
ADDED from ac/mc-resources-delivery/AndroidManifest.xml:39:5-60
	android:name
		ADDED from ac/mc-resources-delivery/AndroidManifest.xml:39:19-57
uses-permission#android.permission.CAMERA
ADDED from ac/mc-resources-delivery/AndroidManifest.xml:41:5-65
	android:name
		ADDED from ac/mc-resources-delivery/AndroidManifest.xml:41:22-62
uses-permission#android.permission.VIBRATE
ADDED from ac/mc-resources-delivery/AndroidManifest.xml:42:5-66
	android:name
		ADDED from ac/mc-resources-delivery/AndroidManifest.xml:42:22-63
uses-feature#android.hardware.camera.autofocus
ADDED from ac/mc-resources-delivery/AndroidManifest.xml:44:5-70
	android:name
		ADDED from ac/mc-resources-delivery/AndroidManifest.xml:44:19-67
uses-permission#android.permission.FLASHLIGHT
ADDED from ac/mc-resources-delivery/AndroidManifest.xml:46:5-69
	android:name
		ADDED from ac/mc-resources-delivery/AndroidManifest.xml:46:22-66
uses-permission#android.permission.GET_TASKS
ADDED from ac/mc-resources-delivery/AndroidManifest.xml:47:5-68
	android:name
		ADDED from ac/mc-resources-delivery/AndroidManifest.xml:47:22-65
uses-permission#android.permission.WAKE_LOCK
ADDED from ac/mc-resources-delivery/AndroidManifest.xml:48:5-68
	android:name
		ADDED from ac/mc-resources-delivery/AndroidManifest.xml:48:22-65
uses-permission#android.permission.RECEIVE_BOOT_COMPLETED
ADDED from ac/mc-resources-delivery/AndroidManifest.xml:49:5-81
	android:name
		ADDED from ac/mc-resources-delivery/AndroidManifest.xml:49:22-78
uses-permission#android.permission.WRITE_CONTACTS
ADDED from ac/mc-resources-delivery/AndroidManifest.xml:50:5-73
	android:name
		ADDED from ac/mc-resources-delivery/AndroidManifest.xml:50:22-70
uses-permission#android.permission.CHANGE_CONFIGURATION
ADDED from ac/mc-resources-delivery/AndroidManifest.xml:52:5-79
	android:name
		ADDED from ac/mc-resources-delivery/AndroidManifest.xml:52:22-76
application
ADDED from ac/mc-resources-delivery/AndroidManifest.xml:54:5-397:19
MERGED from [ac:photo:unspecified] AndroidManifest.xml:14:5-25:19
MERGED from [ac:design:unspecified] AndroidManifest.xml:22:5-20
MERGED from [ac:cardview:unspecified] AndroidManifest.xml:22:5-20
MERGED from [ac:android-support-v7-appcompat:unspecified] AndroidManifest.xml:25:5-20
MERGED from [ac:Swipyrefreshlayout:unspecified] AndroidManifest.xml:7:5-20
	android:label
		ADDED from ac/mc-resources-delivery/AndroidManifest.xml:59:9-41
	android:hardwareAccelerated
		ADDED from ac/mc-resources-delivery/AndroidManifest.xml:57:9-43
	android:allowBackup
		ADDED from ac/mc-resources-delivery/AndroidManifest.xml:56:9-36
	android:icon
		ADDED from ac/mc-resources-delivery/AndroidManifest.xml:58:9-43
	android:largeHeap
		ADDED from ac/mc-resources-delivery/AndroidManifest.xml:60:9-33
	android:theme
		ADDED from ac/mc-resources-delivery/AndroidManifest.xml:61:9-43
	android:name
		ADDED from ac/mc-resources-delivery/AndroidManifest.xml:55:7-63
meta-data#com.baidu.lbsapi.API_KEY
ADDED from ac/mc-resources-delivery/AndroidManifest.xml:72:10-74:64
	android:value
		ADDED from ac/mc-resources-delivery/AndroidManifest.xml:74:13-61
	android:name
		ADDED from ac/mc-resources-delivery/AndroidManifest.xml:73:13-52
activity#com.inspur.resources.view.delivery.guang.MapTemp
ADDED from ac/mc-resources-delivery/AndroidManifest.xml:76:13-80:29
	android:screenOrientation
		ADDED from ac/mc-resources-delivery/AndroidManifest.xml:79:15-51
	android:configChanges
		ADDED from ac/mc-resources-delivery/AndroidManifest.xml:78:19-69
	android:name
		ADDED from ac/mc-resources-delivery/AndroidManifest.xml:77:17-80
activity#com.inspur.resources.base.BaseActivity
ADDED from ac/mc-resources-delivery/AndroidManifest.xml:83:9-86:52
	android:screenOrientation
		ADDED from ac/mc-resources-delivery/AndroidManifest.xml:86:13-49
	android:configChanges
		ADDED from ac/mc-resources-delivery/AndroidManifest.xml:85:13-63
	android:name
		ADDED from ac/mc-resources-delivery/AndroidManifest.xml:84:13-66
activity#com.inspur.resources.view.delivery.guang.GuangDeliveryActivity
ADDED from ac/mc-resources-delivery/AndroidManifest.xml:88:9-91:25
	android:screenOrientation
		ADDED from ac/mc-resources-delivery/AndroidManifest.xml:90:13-49
	android:configChanges
		ADDED from ac/mc-resources-delivery/AndroidManifest.xml:89:13-63
	android:name
		ADDED from ac/mc-resources-delivery/AndroidManifest.xml:88:19-96
activity#com.inspur.resources.view.login.LoginAutoUpdateActivity
ADDED from ac/mc-resources-delivery/AndroidManifest.xml:96:9-98:52
	android:screenOrientation
		ADDED from ac/mc-resources-delivery/AndroidManifest.xml:98:13-49
	android:name
		ADDED from ac/mc-resources-delivery/AndroidManifest.xml:97:13-83
activity#com.inspur.resources.view.map.LocationOverlayDemo
ADDED from ac/mc-resources-delivery/AndroidManifest.xml:101:9-104:52
	android:screenOrientation
		ADDED from ac/mc-resources-delivery/AndroidManifest.xml:104:13-49
	android:configChanges
		ADDED from ac/mc-resources-delivery/AndroidManifest.xml:103:13-63
	android:name
		ADDED from ac/mc-resources-delivery/AndroidManifest.xml:102:13-77
activity#com.inspur.common.RegionWheelDialog
ADDED from ac/mc-resources-delivery/AndroidManifest.xml:106:9-110:16
	android:screenOrientation
		ADDED from ac/mc-resources-delivery/AndroidManifest.xml:108:13-49
	android:theme
		ADDED from ac/mc-resources-delivery/AndroidManifest.xml:109:13-56
	android:name
		ADDED from ac/mc-resources-delivery/AndroidManifest.xml:107:13-63
activity#com.inspur.resources.view.map.MarkerOverlayActivity
ADDED from ac/mc-resources-delivery/AndroidManifest.xml:111:9-114:52
	android:screenOrientation
		ADDED from ac/mc-resources-delivery/AndroidManifest.xml:114:13-49
	android:configChanges
		ADDED from ac/mc-resources-delivery/AndroidManifest.xml:113:13-63
	android:name
		ADDED from ac/mc-resources-delivery/AndroidManifest.xml:112:13-79
activity#com.inspur.resources.view.map.OverLayDemo
ADDED from ac/mc-resources-delivery/AndroidManifest.xml:115:9-118:52
	android:screenOrientation
		ADDED from ac/mc-resources-delivery/AndroidManifest.xml:118:13-49
	android:configChanges
		ADDED from ac/mc-resources-delivery/AndroidManifest.xml:117:13-63
	android:name
		ADDED from ac/mc-resources-delivery/AndroidManifest.xml:116:13-69
activity#com.inspur.resources.view.map.LocationSubmitActivity
ADDED from ac/mc-resources-delivery/AndroidManifest.xml:119:9-122:52
	android:screenOrientation
		ADDED from ac/mc-resources-delivery/AndroidManifest.xml:122:13-49
	android:configChanges
		ADDED from ac/mc-resources-delivery/AndroidManifest.xml:121:13-63
	android:name
		ADDED from ac/mc-resources-delivery/AndroidManifest.xml:120:13-80
activity#com.inspur.resources.view.photo.TakePhotoMainActivity
ADDED from ac/mc-resources-delivery/AndroidManifest.xml:124:9-126:52
	android:screenOrientation
		ADDED from ac/mc-resources-delivery/AndroidManifest.xml:126:13-49
	android:name
		ADDED from ac/mc-resources-delivery/AndroidManifest.xml:125:13-81
activity#com.inspur.resources.view.point.PointMainActivity
ADDED from ac/mc-resources-delivery/AndroidManifest.xml:130:9-132:53
	android:screenOrientation
		ADDED from ac/mc-resources-delivery/AndroidManifest.xml:132:13-50
	android:name
		ADDED from ac/mc-resources-delivery/AndroidManifest.xml:131:13-77
activity#com.inspur.resources.view.point.PointInfoActivity
ADDED from ac/mc-resources-delivery/AndroidManifest.xml:133:9-135:53
	android:screenOrientation
		ADDED from ac/mc-resources-delivery/AndroidManifest.xml:135:13-50
	android:name
		ADDED from ac/mc-resources-delivery/AndroidManifest.xml:134:13-77
activity#com.inspur.resources.view.delivery.offline.OfficeHiddenTroubleActivity
ADDED from ac/mc-resources-delivery/AndroidManifest.xml:138:9-140:25
	android:screenOrientation
		ADDED from ac/mc-resources-delivery/AndroidManifest.xml:139:14-50
	android:name
		ADDED from ac/mc-resources-delivery/AndroidManifest.xml:138:19-104
activity#com.inspur.resources.view.delivery.offline.OfflineRouteActivity
ADDED from ac/mc-resources-delivery/AndroidManifest.xml:142:9-145:25
	android:screenOrientation
		ADDED from ac/mc-resources-delivery/AndroidManifest.xml:144:13-49
	android:configChanges
		ADDED from ac/mc-resources-delivery/AndroidManifest.xml:143:14-64
	android:name
		ADDED from ac/mc-resources-delivery/AndroidManifest.xml:142:19-97
activity#com.inspur.resources.view.delivery.offline.OfflineSearchActivity
ADDED from ac/mc-resources-delivery/AndroidManifest.xml:147:9-150:25
	android:screenOrientation
		ADDED from ac/mc-resources-delivery/AndroidManifest.xml:149:13-49
	android:configChanges
		ADDED from ac/mc-resources-delivery/AndroidManifest.xml:148:14-64
	android:name
		ADDED from ac/mc-resources-delivery/AndroidManifest.xml:147:19-98
activity#com.inspur.resources.view.delivery.transroute.JingSelectActivity
ADDED from ac/mc-resources-delivery/AndroidManifest.xml:154:9-158:25
	android:screenOrientation
		ADDED from ac/mc-resources-delivery/AndroidManifest.xml:156:13-49
	android:configChanges
		ADDED from ac/mc-resources-delivery/AndroidManifest.xml:157:16-66
	android:name
		ADDED from ac/mc-resources-delivery/AndroidManifest.xml:155:13-92
activity#com.inspur.resources.view.delivery.offline.MainOfflineActivity
ADDED from ac/mc-resources-delivery/AndroidManifest.xml:160:9-164:25
	android:screenOrientation
		ADDED from ac/mc-resources-delivery/AndroidManifest.xml:162:15-51
	android:configChanges
		ADDED from ac/mc-resources-delivery/AndroidManifest.xml:163:16-66
	android:name
		ADDED from ac/mc-resources-delivery/AndroidManifest.xml:161:13-90
activity#com.inspur.resources.view.delivery.offline.ZSLOfflineActivity
ADDED from ac/mc-resources-delivery/AndroidManifest.xml:165:9-169:25
	android:screenOrientation
		ADDED from ac/mc-resources-delivery/AndroidManifest.xml:167:15-51
	android:configChanges
		ADDED from ac/mc-resources-delivery/AndroidManifest.xml:168:16-66
	android:name
		ADDED from ac/mc-resources-delivery/AndroidManifest.xml:166:13-89
activity#com.inspur.resources.view.set.LoginBtDeviceActivity
ADDED from ac/mc-resources-delivery/AndroidManifest.xml:173:9-175:52
	android:screenOrientation
		ADDED from ac/mc-resources-delivery/AndroidManifest.xml:175:13-49
	android:name
		ADDED from ac/mc-resources-delivery/AndroidManifest.xml:174:13-79
activity#com.inspur.resources.view.set.AboutActivity
ADDED from ac/mc-resources-delivery/AndroidManifest.xml:176:9-178:52
	android:screenOrientation
		ADDED from ac/mc-resources-delivery/AndroidManifest.xml:178:13-49
	android:name
		ADDED from ac/mc-resources-delivery/AndroidManifest.xml:177:13-71
activity#com.inspur.resources.view.set.UpPasswordActivity
ADDED from ac/mc-resources-delivery/AndroidManifest.xml:179:9-181:52
	android:screenOrientation
		ADDED from ac/mc-resources-delivery/AndroidManifest.xml:181:13-49
	android:name
		ADDED from ac/mc-resources-delivery/AndroidManifest.xml:180:13-76
activity#com.inspur.resources.view.delivery.offline.MyOfflineRouteListActivity
ADDED from ac/mc-resources-delivery/AndroidManifest.xml:185:9-187:25
	android:screenOrientation
		ADDED from ac/mc-resources-delivery/AndroidManifest.xml:186:14-50
	android:name
		ADDED from ac/mc-resources-delivery/AndroidManifest.xml:185:19-103
activity#com.inspur.resources.view.tube.OpticalCableSelectResultActivity
ADDED from ac/mc-resources-delivery/AndroidManifest.xml:189:9-191:52
	android:screenOrientation
		ADDED from ac/mc-resources-delivery/AndroidManifest.xml:191:13-49
	android:name
		ADDED from ac/mc-resources-delivery/AndroidManifest.xml:190:13-91
activity#com.inspur.resources.view.delivery.offline.OfficeJingSelectActivity
ADDED from ac/mc-resources-delivery/AndroidManifest.xml:194:9-196:25
	android:screenOrientation
		ADDED from ac/mc-resources-delivery/AndroidManifest.xml:195:14-50
	android:name
		ADDED from ac/mc-resources-delivery/AndroidManifest.xml:194:19-101
activity#com.inspur.resources.view.suspension.SuspensionWireInfoActivity
ADDED from ac/mc-resources-delivery/AndroidManifest.xml:198:9-200:52
	android:screenOrientation
		ADDED from ac/mc-resources-delivery/AndroidManifest.xml:200:13-49
	android:name
		ADDED from ac/mc-resources-delivery/AndroidManifest.xml:199:13-91
activity#com.inspur.resources.view.suspension.PoleLineSelectResultActivity
ADDED from ac/mc-resources-delivery/AndroidManifest.xml:201:9-203:52
	android:screenOrientation
		ADDED from ac/mc-resources-delivery/AndroidManifest.xml:203:13-49
	android:name
		ADDED from ac/mc-resources-delivery/AndroidManifest.xml:202:13-93
activity#com.inspur.resources.view.tube.WellcodeShaixuanActivity
ADDED from ac/mc-resources-delivery/AndroidManifest.xml:206:9-208:52
	android:screenOrientation
		ADDED from ac/mc-resources-delivery/AndroidManifest.xml:208:13-49
	android:name
		ADDED from ac/mc-resources-delivery/AndroidManifest.xml:207:13-83
activity#com.inspur.resources.view.suspensionseg.PoleSelectResultActivity
ADDED from ac/mc-resources-delivery/AndroidManifest.xml:211:9-213:52
	android:screenOrientation
		ADDED from ac/mc-resources-delivery/AndroidManifest.xml:213:13-49
	android:name
		ADDED from ac/mc-resources-delivery/AndroidManifest.xml:212:13-92
activity#com.inspur.resources.view.suspensionseg.SupportSelectResultActivity
ADDED from ac/mc-resources-delivery/AndroidManifest.xml:214:9-216:52
	android:screenOrientation
		ADDED from ac/mc-resources-delivery/AndroidManifest.xml:216:13-49
	android:name
		ADDED from ac/mc-resources-delivery/AndroidManifest.xml:215:13-95
activity#com.inspur.resources.view.delivery.guang.PhotoShopeActivityGuang
ADDED from ac/mc-resources-delivery/AndroidManifest.xml:220:9-222:25
	android:screenOrientation
		ADDED from ac/mc-resources-delivery/AndroidManifest.xml:221:13-49
	android:name
		ADDED from ac/mc-resources-delivery/AndroidManifest.xml:220:19-98
activity#com.inspur.resources.view.help.HelpActivity
ADDED from ac/mc-resources-delivery/AndroidManifest.xml:226:9-229:52
	android:screenOrientation
		ADDED from ac/mc-resources-delivery/AndroidManifest.xml:229:13-49
	android:configChanges
		ADDED from ac/mc-resources-delivery/AndroidManifest.xml:228:13-63
	android:name
		ADDED from ac/mc-resources-delivery/AndroidManifest.xml:227:13-71
service#com.baidu.location.f
ADDED from ac/mc-resources-delivery/AndroidManifest.xml:251:9-254:41
	android:enabled
		ADDED from ac/mc-resources-delivery/AndroidManifest.xml:253:13-35
	android:process
		ADDED from ac/mc-resources-delivery/AndroidManifest.xml:254:13-38
	android:name
		ADDED from ac/mc-resources-delivery/AndroidManifest.xml:252:13-48
activity#com.inspur.component.photoselect.photoselector.ui.PhotoSelectorActivity
ADDED from ac/mc-resources-delivery/AndroidManifest.xml:256:9-260:20
MERGED from [ac:photo:unspecified] AndroidManifest.xml:15:9-19:20
	android:label
		ADDED from ac/mc-resources-delivery/AndroidManifest.xml:259:13-33
	android:theme
		ADDED from ac/mc-resources-delivery/AndroidManifest.xml:257:13-66
	android:name
		ADDED from ac/mc-resources-delivery/AndroidManifest.xml:258:13-99
activity#com.inspur.component.photoselect.photoselector.ui.PhotoPreviewActivity
ADDED from ac/mc-resources-delivery/AndroidManifest.xml:261:9-265:20
MERGED from [ac:photo:unspecified] AndroidManifest.xml:20:9-24:20
	android:label
		ADDED from ac/mc-resources-delivery/AndroidManifest.xml:264:13-33
	android:theme
		ADDED from ac/mc-resources-delivery/AndroidManifest.xml:262:13-66
	android:name
		ADDED from ac/mc-resources-delivery/AndroidManifest.xml:263:13-98
activity#com.inspur.qrcode.CaptureActivity
ADDED from ac/mc-resources-delivery/AndroidManifest.xml:267:9-272:20
	android:screenOrientation
		ADDED from ac/mc-resources-delivery/AndroidManifest.xml:270:13-49
	android:label
		ADDED from ac/mc-resources-delivery/AndroidManifest.xml:269:13-45
	android:name
		ADDED from ac/mc-resources-delivery/AndroidManifest.xml:268:13-61
activity#com.inspur.resources.view.delivery.offline.OfficeRouteSubmitActivity
ADDED from ac/mc-resources-delivery/AndroidManifest.xml:279:9-281:25
	android:screenOrientation
		ADDED from ac/mc-resources-delivery/AndroidManifest.xml:280:13-49
	android:name
		ADDED from ac/mc-resources-delivery/AndroidManifest.xml:279:19-102
activity#com.inspur.resources.view.delivery.offline.PhotoOfficeActivity
ADDED from ac/mc-resources-delivery/AndroidManifest.xml:285:9-287:25
	android:screenOrientation
		ADDED from ac/mc-resources-delivery/AndroidManifest.xml:286:13-49
	android:name
		ADDED from ac/mc-resources-delivery/AndroidManifest.xml:285:19-96
activity#com.inspur.resources.view.delivery.transroute.LoginActivity
ADDED from ac/mc-resources-delivery/AndroidManifest.xml:291:9-295:20
	android:screenOrientation
		ADDED from ac/mc-resources-delivery/AndroidManifest.xml:293:13-49
	android:name
		ADDED from ac/mc-resources-delivery/AndroidManifest.xml:292:13-87
activity#com.inspur.resources.view.delivery.LogoActivity
ADDED from ac/mc-resources-delivery/AndroidManifest.xml:299:8-313:20
	android:screenOrientation
		ADDED from ac/mc-resources-delivery/AndroidManifest.xml:301:13-49
	android:name
		ADDED from ac/mc-resources-delivery/AndroidManifest.xml:300:13-75
intent-filter#android.intent.action.MAIN+android.intent.category.LAUNCHER
ADDED from ac/mc-resources-delivery/AndroidManifest.xml:308:8-311:25
action#android.intent.action.MAIN
ADDED from ac/mc-resources-delivery/AndroidManifest.xml:309:13-65
	android:name
		ADDED from ac/mc-resources-delivery/AndroidManifest.xml:309:21-62
category#android.intent.category.LAUNCHER
ADDED from ac/mc-resources-delivery/AndroidManifest.xml:310:13-73
	android:name
		ADDED from ac/mc-resources-delivery/AndroidManifest.xml:310:23-70
activity#com.inspur.resources.view.delivery.MainActivity
ADDED from ac/mc-resources-delivery/AndroidManifest.xml:314:10-318:20
	android:screenOrientation
		ADDED from ac/mc-resources-delivery/AndroidManifest.xml:316:13-49
	android:name
		ADDED from ac/mc-resources-delivery/AndroidManifest.xml:315:13-75
activity#com.inspur.resources.view.delivery.transroute.ZSLTransmissionLine
ADDED from ac/mc-resources-delivery/AndroidManifest.xml:319:9-324:20
	android:screenOrientation
		ADDED from ac/mc-resources-delivery/AndroidManifest.xml:322:13-49
	android:label
		ADDED from ac/mc-resources-delivery/AndroidManifest.xml:321:13-33
	android:name
		ADDED from ac/mc-resources-delivery/AndroidManifest.xml:320:13-93
activity#com.inspur.resources.view.delivery.guang.ZSLGuangLine
ADDED from ac/mc-resources-delivery/AndroidManifest.xml:327:10-331:20
	android:screenOrientation
		ADDED from ac/mc-resources-delivery/AndroidManifest.xml:330:13-49
	android:label
		ADDED from ac/mc-resources-delivery/AndroidManifest.xml:329:13-33
	android:name
		ADDED from ac/mc-resources-delivery/AndroidManifest.xml:328:13-81
activity#com.inspur.resources.view.delivery.transroute.HiddenTroubleReportActivity
ADDED from ac/mc-resources-delivery/AndroidManifest.xml:340:9-343:20
	android:screenOrientation
		ADDED from ac/mc-resources-delivery/AndroidManifest.xml:342:13-49
	android:name
		ADDED from ac/mc-resources-delivery/AndroidManifest.xml:341:13-101
activity#com.inspur.resources.view.delivery.transroute.HiddenTroubleReportActivity2
ADDED from ac/mc-resources-delivery/AndroidManifest.xml:344:10-348:20
	android:screenOrientation
		ADDED from ac/mc-resources-delivery/AndroidManifest.xml:346:14-50
	android:name
		ADDED from ac/mc-resources-delivery/AndroidManifest.xml:345:13-102
activity#com.inspur.resources.view.delivery.transroute.OfflineDeliveryActivity
ADDED from ac/mc-resources-delivery/AndroidManifest.xml:350:9-353:20
	android:screenOrientation
		ADDED from ac/mc-resources-delivery/AndroidManifest.xml:352:13-49
	android:name
		ADDED from ac/mc-resources-delivery/AndroidManifest.xml:351:13-97
activity#com.inspur.resources.view.delivery.transroute.DeliveryResourceSearchListActivity2
ADDED from ac/mc-resources-delivery/AndroidManifest.xml:357:9-360:24
	android:screenOrientation
		ADDED from ac/mc-resources-delivery/AndroidManifest.xml:359:13-49
	android:name
		ADDED from ac/mc-resources-delivery/AndroidManifest.xml:358:13-109
activity#com.inspur.resources.view.delivery.transroute.RouteSubmitActivity
ADDED from ac/mc-resources-delivery/AndroidManifest.xml:361:13-364:20
	android:screenOrientation
		ADDED from ac/mc-resources-delivery/AndroidManifest.xml:363:13-49
	android:name
		ADDED from ac/mc-resources-delivery/AndroidManifest.xml:362:13-93
activity#com.inspur.resources.view.delivery.transroute.DeliveryResourceSearchListActivity
ADDED from ac/mc-resources-delivery/AndroidManifest.xml:366:9-369:20
	android:screenOrientation
		ADDED from ac/mc-resources-delivery/AndroidManifest.xml:368:13-49
	android:name
		ADDED from ac/mc-resources-delivery/AndroidManifest.xml:367:13-108
activity#com.inspur.resources.view.delivery.transroute.MyDeliveryRouteListActivity
ADDED from ac/mc-resources-delivery/AndroidManifest.xml:371:9-376:20
	android:screenOrientation
		ADDED from ac/mc-resources-delivery/AndroidManifest.xml:375:13-49
	android:windowSoftInputMode
		ADDED from ac/mc-resources-delivery/AndroidManifest.xml:374:13-52
	android:configChanges
		ADDED from ac/mc-resources-delivery/AndroidManifest.xml:373:13-74
	android:name
		ADDED from ac/mc-resources-delivery/AndroidManifest.xml:372:13-101
activity#com.inspur.resources.view.delivery.guang.GuangSubmitActivity
ADDED from ac/mc-resources-delivery/AndroidManifest.xml:381:10-385:20
	android:screenOrientation
		ADDED from ac/mc-resources-delivery/AndroidManifest.xml:384:13-49
	android:name
		ADDED from ac/mc-resources-delivery/AndroidManifest.xml:382:13-88
activity#com.inspur.resources.view.delivery.guang.MyGuangRouteListActivity
ADDED from ac/mc-resources-delivery/AndroidManifest.xml:387:11-393:20
	android:screenOrientation
		ADDED from ac/mc-resources-delivery/AndroidManifest.xml:391:17-53
	android:windowSoftInputMode
		ADDED from ac/mc-resources-delivery/AndroidManifest.xml:390:15-54
	android:configChanges
		ADDED from ac/mc-resources-delivery/AndroidManifest.xml:389:15-76
	android:name
		ADDED from ac/mc-resources-delivery/AndroidManifest.xml:388:13-93
uses-permission#android.permission.READ_EXTERNAL_STORAGE
ADDED from [ac:photo:unspecified] AndroidManifest.xml:11:5-80
IMPLIED from ac/mc-resources-delivery/AndroidManifest.xml:2:1-399:12 reason: com.inspur.component.photoselect requested WRITE_EXTERNAL_STORAGE
	android:name
		ADDED from [ac:photo:unspecified] AndroidManifest.xml:11:22-77